<?xml version="1.0" encoding="UTF-8"?>
<!-- Generated by org.testng.reporters.JUnitReportReporter -->
<testsuite hostname="CBT-077" name="com.quickride.scripts.SocialGuestTest" tests="1" failures="0" timestamp="10 Feb 2016 11:53:39 GMT" time="53.320" errors="0">
  <testcase name="testFBLogin" time="53.320" classname="com.quickride.scripts.SocialGuestTest"/>
</testsuite> <!-- com.quickride.scripts.SocialGuestTest -->
